# JRE version: Java(TM) SE Runtime Environment (8.0_144-b01) (build 1.8.0_144-b01)
# Java VM: Java HotSpot(TM) Client VM (25.144-b01 mixed mode windows-x86 )
Heap:
 def new generation   total 71616K, used 58764K [0x04200000, 0x08fb0000, 0x19750000)
  eden space 63680K,  79% used [0x04200000, 0x073a31d8, 0x08030000)
  from space 7936K,  99% used [0x087f0000, 0x08fafff8, 0x08fb0000)
  to   space 7936K,   0% used [0x08030000, 0x08030000, 0x087f0000)
 tenured generation   total 159044K, used 135791K [0x19750000, 0x232a1000, 0x44200000)
   the space 159044K,  85% used [0x19750000, 0x21bebcf0, 0x21bebe00, 0x232a1000)
 Metaspace       used 3694K, capacity 3726K, committed 3776K, reserved 4480K
GC Heap History (10 events):
Event: 4.744 GC heap before
{Heap before GC invocations=53 (full 6):
 def new generation   total 71616K, used 63680K [0x04200000, 0x08fb0000, 0x19750000)
  eden space 63680K, 100% used [0x04200000, 0x08030000, 0x08030000)
  from space 7936K,   0% used [0x08030000, 0x08030000, 0x087f0000)
  to   space 7936K,   0% used [0x087f0000, 0x087f0000, 0x08fb0000)
 tenured generation   total 159044K, used 95425K [0x19750000, 0x232a1000, 0x44200000)
   the space 159044K,  59% used [0x19750000, 0x1f480688, 0x1f480800, 0x232a1000)
 Metaspace       used 3608K, capacity 3662K, committed 3776K, reserved 4480K
Event: 4.890 GC heap after
Heap after GC invocations=54 (full 6):
 def new generation   total 71616K, used 7935K [0x04200000, 0x08fb0000, 0x19750000)
  eden space 63680K,   0% used [0x04200000, 0x04200000, 0x08030000)
  from space 7936K,  99% used [0x087f0000, 0x08fafff8, 0x08fb0000)
  to   space 7936K,   0% used [0x08030000, 0x08030000, 0x087f0000)
 tenured generation   total 159044K, used 100462K [0x19750000, 0x232a1000, 0x44200000)
   the space 159044K,  63% used [0x19750000, 0x1f96bb00, 0x1f96bc00, 0x232a1000)
 Metaspace       used 3608K, capacity 3662K, committed 3776K, reserved 4480K
}
Event: 5.055 GC heap before
{Heap before GC invocations=54 (full 6):
 def new generation   total 71616K, used 71615K [0x04200000, 0x08fb0000, 0x19750000)
  eden space 63680K, 100% used [0x04200000, 0x08030000, 0x08030000)
  from space 7936K,  99% used [0x087f0000, 0x08fafff8, 0x08fb0000)
  to   space 7936K,   0% used [0x08030000, 0x08030000, 0x087f0000)
 tenured generation   total 159044K, used 100462K [0x19750000, 0x232a1000, 0x44200000)
   the space 159044K,  63% used [0x19750000, 0x1f96bb00, 0x1f96bc00, 0x232a1000)
 Metaspace       used 3608K, capacity 3662K, committed 3776K, reserved 4480K
Event: 5.151 GC heap after
Heap after GC invocations=55 (full 6):
 def new generation   total 71616K, used 7935K [0x04200000, 0x08fb0000, 0x19750000)
  eden space 63680K,   0% used [0x04200000, 0x04200000, 0x08030000)
  from space 7936K,  99% used [0x08030000, 0x087efff8, 0x087f0000)
  to   space 7936K,   0% used [0x087f0000, 0x087f0000, 0x08fb0000)
 tenured generation   total 159044K, used 109586K [0x19750000, 0x232a1000, 0x44200000)
   the space 159044K,  68% used [0x19750000, 0x20254bb0, 0x20254c00, 0x232a1000)
 Metaspace       used 3608K, capacity 3662K, committed 3776K, reserved 4480K
}
Event: 5.300 GC heap before
{Heap before GC invocations=55 (full 6):
 def new generation   total 71616K, used 71615K [0x04200000, 0x08fb0000, 0x19750000)
  eden space 63680K, 100% used [0x04200000, 0x08030000, 0x08030000)
  from space 7936K,  99% used [0x08030000, 0x087efff8, 0x087f0000)
  to   space 7936K,   0% used [0x087f0000, 0x087f0000, 0x08fb0000)
 tenured generation   total 159044K, used 109586K [0x19750000, 0x232a1000, 0x44200000)
   the space 159044K,  68% used [0x19750000, 0x20254bb0, 0x20254c00, 0x232a1000)
 Metaspace       used 3609K, capacity 3662K, committed 3776K, reserved 4480K
Event: 5.376 GC heap after
Heap after GC invocations=56 (full 6):
 def new generation   total 71616K, used 7935K [0x04200000, 0x08fb0000, 0x19750000)
  eden space 63680K,   0% used [0x04200000, 0x04200000, 0x08030000)
  from space 7936K,  99% used [0x087f0000, 0x08fafff8, 0x08fb0000)
  to   space 7936K,   0% used [0x08030000, 0x08030000, 0x087f0000)
 tenured generation   total 159044K, used 119112K [0x19750000, 0x232a1000, 0x44200000)
   the space 159044K,  74% used [0x19750000, 0x20ba2170, 0x20ba2200, 0x232a1000)
 Metaspace       used 3609K, capacity 3662K, committed 3776K, reserved 4480K
}
Event: 5.575 GC heap before
{Heap before GC invocations=56 (full 6):
 def new generation   total 71616K, used 71615K [0x04200000, 0x08fb0000, 0x19750000)
  eden space 63680K, 100% used [0x04200000, 0x08030000, 0x08030000)
  from space 7936K,  99% used [0x087f0000, 0x08fafff8, 0x08fb0000)
  to   space 7936K,   0% used [0x08030000, 0x08030000, 0x087f0000)
 tenured generation   total 159044K, used 119112K [0x19750000, 0x232a1000, 0x44200000)
   the space 159044K,  74% used [0x19750000, 0x20ba2170, 0x20ba2200, 0x232a1000)
 Metaspace       used 3609K, capacity 3662K, committed 3776K, reserved 4480K
Event: 5.638 GC heap after
Heap after GC invocations=57 (full 6):
 def new generation   total 71616K, used 7936K [0x04200000, 0x08fb0000, 0x19750000)
  eden space 63680K,   0% used [0x04200000, 0x04200000, 0x08030000)
  from space 7936K, 100% used [0x08030000, 0x087f0000, 0x087f0000)
  to   space 7936K,   0% used [0x087f0000, 0x087f0000, 0x08fb0000)
 tenured generation   total 159044K, used 126595K [0x19750000, 0x232a1000, 0x44200000)
   the space 159044K,  79% used [0x19750000, 0x212f0e38, 0x212f1000, 0x232a1000)
 Metaspace       used 3609K, capacity 3662K, committed 3776K, reserved 4480K
}
Event: 5.798 GC heap before
{Heap before GC invocations=57 (full 6):
 def new generation   total 71616K, used 71616K [0x04200000, 0x08fb0000, 0x19750000)
  eden space 63680K, 100% used [0x04200000, 0x08030000, 0x08030000)
  from space 7936K, 100% used [0x08030000, 0x087f0000, 0x087f0000)
  to   space 7936K,   0% used [0x087f0000, 0x087f0000, 0x08fb0000)
 tenured generation   total 159044K, used 126595K [0x19750000, 0x232a1000, 0x44200000)
   the space 159044K,  79% used [0x19750000, 0x212f0e38, 0x212f1000, 0x232a1000)
 Metaspace       used 3609K, capacity 3662K, committed 3776K, reserved 4480K
Event: 5.880 GC heap after
Heap after GC invocations=58 (full 6):
 def new generation   total 71616K, used 7935K [0x04200000, 0x08fb0000, 0x19750000)
  eden space 63680K,   0% used [0x04200000, 0x04200000, 0x08030000)
  from space 7936K,  99% used [0x087f0000, 0x08fafff8, 0x08fb0000)
  to   space 7936K,   0% used [0x08030000, 0x08030000, 0x087f0000)
 tenured generation   total 159044K, used 135791K [0x19750000, 0x232a1000, 0x44200000)
   the space 159044K,  85% used [0x19750000, 0x21bebcf0, 0x21bebe00, 0x232a1000)
 Metaspace       used 3609K, capacity 3662K, committed 3776K, reserved 4480K
}

